<?xml version="1.0" encoding="UTF-8"?>
<!-- Generated by org.testng.reporters.JUnitXMLReporter -->
<testsuite ignored="0" hostname="LAPTOP-9BCST1P8" failures="0" tests="6" name="Default test" time="22.522" errors="0" timestamp="2023-01-19T19:21:50 GMT-05:00">
  <testcase classname="newpackage.Chrome" name="loadamazonwebpage" time="1.536"/>
  <testcase classname="newpackage.Chrome" name="hamburgermenu" time="0.457"/>
  <testcase classname="newpackage.Chrome" name="kindle_digitalcontent" time="0.159"/>
  <testcase classname="newpackage.Chrome" name="kindle_under_ereader" time="0.312"/>
  <testcase classname="newpackage.Chrome" name="buynow" time="1.231"/>
  <testcase classname="newpackage.Chrome" name="usersignin" time="1.055"/>
</testsuite> <!-- Default test -->
