<?xml version="1.0" encoding="UTF-8"?>
<!-- Generated by org.testng.reporters.JUnitXMLReporter -->
<testsuite ignored="0" hostname="LAPTOP-9BCST1P8" failures="0" tests="12" name="Test" time="15.52" errors="0" timestamp="2023-01-19T19:24:33 GMT-05:00">
  <testcase classname="newpackage.Firefox" name="loadamazonwebpage" time="1.241"/>
  <testcase classname="newpackage.Chrome" name="loadamazonwebpage" time="1.994"/>
  <testcase classname="newpackage.Firefox" name="hamburgermenu" time="1.142"/>
  <testcase classname="newpackage.Chrome" name="hamburgermenu" time="0.412"/>
  <testcase classname="newpackage.Chrome" name="kindle_digitalcontent" time="0.786"/>
  <testcase classname="newpackage.Firefox" name="kindle_digitalcontent" time="0.88"/>
  <testcase classname="newpackage.Firefox" name="kindle_under_ereader" time="3.024"/>
  <testcase classname="newpackage.Chrome" name="kindle_under_ereader" time="3.671"/>
  <testcase classname="newpackage.Firefox" name="buynow" time="1.861"/>
  <testcase classname="newpackage.Firefox" name="usersignin" time="0.248"/>
  <testcase classname="newpackage.Chrome" name="buynow" time="1.87"/>
  <testcase classname="newpackage.Chrome" name="usersignin" time="0.068"/>
</testsuite> <!-- Test -->
