<?xml version="1.0" encoding="UTF-8"?>
<!-- Generated by org.testng.reporters.JUnitXMLReporter -->
<testsuite ignored="0" hostname="LAPTOP-9BCST1P8" failures="0" tests="12" name="Parallel Tests" time="12.037" errors="0" timestamp="2023-01-19T19:39:01 GMT-05:00">
  <testcase classname="newpackage.Firefox" name="loadamazonwebpage" time="1.094"/>
  <testcase classname="newpackage.Firefox" name="hamburgermenu" time="1.134"/>
  <testcase classname="newpackage.Chrome" name="loadamazonwebpage" time="2.435"/>
  <testcase classname="newpackage.Firefox" name="kindle_digitalcontent" time="0.417"/>
  <testcase classname="newpackage.Chrome" name="hamburgermenu" time="0.546"/>
  <testcase classname="newpackage.Chrome" name="kindle_digitalcontent" time="0.176"/>
  <testcase classname="newpackage.Chrome" name="kindle_under_ereader" time="0.371"/>
  <testcase classname="newpackage.Chrome" name="buynow" time="1.221"/>
  <testcase classname="newpackage.Firefox" name="kindle_under_ereader" time="2.829"/>
  <testcase classname="newpackage.Chrome" name="usersignin" time="1.049"/>
  <testcase classname="newpackage.Firefox" name="buynow" time="1.454"/>
  <testcase classname="newpackage.Firefox" name="usersignin" time="0.102"/>
</testsuite> <!-- Parallel Tests -->
